2024-07-11 23:56:03,233 - INFO - Seed: rule calm bus side term erase member arrow ten weather filter creek
2024-07-11 23:56:03,233 - INFO - BTC address: 1CVMtgYq9BFEGkULakMxepCodbAke6ETMz
2024-07-11 23:56:03,234 - INFO - BTC balance: 0.0 BTC
2024-07-11 23:56:03,234 - INFO - 
2024-07-11 23:58:07,441 - INFO - Seed: uphold rhythm congress asset shrimp crater vapor course sadness question squeeze plug
2024-07-11 23:58:07,442 - INFO - BTC address: 1k8kuMNGPkwYgpUkT6kk9KtH5YQrXyxFG
2024-07-11 23:58:07,444 - INFO - BTC balance: 0.0 BTC
2024-07-11 23:58:07,446 - INFO - 
2024-07-11 23:58:13,010 - INFO - ETH address: 0xfcBb581534cAE7Dd7cF1765B13104c048DAD9A21
2024-07-11 23:58:13,010 - INFO - ETH balance: 0.0 ETH
2024-07-11 23:58:13,801 - INFO - Seed: lunch trash found canal axis crack scout winner people mango rain depart
2024-07-11 23:58:13,802 - INFO - BTC address: 196epES24tdNc7g88S1XRSaUR2Hj2cD1e3
2024-07-11 23:58:13,803 - INFO - BTC balance: 0.0 BTC
2024-07-11 23:58:13,804 - INFO - 
2024-07-11 23:59:48,889 - INFO - Seed: surround runway lazy base explain entry repeat token panel mosquito purity magnet
2024-07-11 23:59:48,890 - INFO - BTC address: 1NZraFCSWFQ1z7KMupCokS8XBjyVW9zs5e
2024-07-11 23:59:48,891 - INFO - BTC balance: 0.0 BTC
2024-07-11 23:59:48,891 - INFO - 
2024-07-11 23:59:51,358 - INFO - ETH address: 0xbB75faB53b65A46f7DC170016ec7cCB7FC17fD7b
2024-07-11 23:59:51,358 - INFO - ETH balance: 0.0 ETH
2024-07-11 23:59:51,716 - INFO - Seed: crisp skin bid call inspire accident hidden drill novel struggle wreck injury
2024-07-11 23:59:51,716 - INFO - BTC address: 1Fui1DDMeaubgGBxcazxfDkrctKt8DW9bJ
2024-07-11 23:59:51,716 - INFO - BTC balance: 0.0 BTC
2024-07-11 23:59:51,717 - INFO - 
2024-07-11 23:59:53,211 - INFO - ETH address: 0x7c815c6D3ffc2b316546352410268A42a5084D24
2024-07-11 23:59:53,211 - INFO - ETH balance: 0.0 ETH
2024-07-11 23:59:53,552 - INFO - Seed: eye craft giant runway range toss mad south leisure output surface nation
2024-07-11 23:59:53,552 - INFO - BTC address: 1HuaF9cg753kJsaYEaV2r4BcTcLHV3i1ND
2024-07-11 23:59:53,552 - INFO - BTC balance: 0.0 BTC
2024-07-11 23:59:53,552 - INFO - 
2024-07-11 23:59:56,075 - INFO - ETH address: 0x1DAE7B634d9F7DFff4526d9C01D6f0DD6Ee2498E
2024-07-11 23:59:56,075 - INFO - ETH balance: 0.0 ETH
2024-07-11 23:59:56,803 - INFO - Seed: discover stand east junior fever sea narrow dry scare robot capable excuse
2024-07-11 23:59:56,804 - INFO - BTC address: 13mr73SQqfWgZoUmpwBzARRUveuMnpQgoD
2024-07-11 23:59:56,804 - INFO - BTC balance: 0.0 BTC
2024-07-11 23:59:56,804 - INFO - 
2024-07-12 00:00:01,191 - INFO - ETH address: 0x18c1C062B3B534993A61648A08C97eEE6166E2a0
2024-07-12 00:00:01,191 - INFO - ETH balance: 0.0 ETH
2024-07-12 00:00:01,544 - INFO - Seed: air funny stone foil hire fluid flight art robot rough table shoe
2024-07-12 00:00:01,545 - INFO - BTC address: 1H5ox9qCePMoAGSedXAhH5yRHmrF6SzLWP
2024-07-12 00:00:01,545 - INFO - BTC balance: 0.0 BTC
2024-07-12 00:00:01,545 - INFO - 
2024-07-12 00:00:03,876 - INFO - ETH address: 0xe496B8C800f458f07daa7abcb038970b695F6372
2024-07-12 00:00:03,876 - INFO - ETH balance: 0.0 ETH
2024-07-12 00:00:04,221 - INFO - Seed: start hood win all hurt rude spawn surprise disease fossil portion skirt
2024-07-12 00:00:04,221 - INFO - BTC address: 1GshFwbxFg6aX57iLiRW8mWwZs4ERjR1uw
2024-07-12 00:00:04,221 - INFO - BTC balance: 0.0 BTC
2024-07-12 00:00:04,221 - INFO - 
2024-07-12 00:00:06,569 - INFO - ETH address: 0xFFaF55c8e66e6131e1E05390217539d9e370dCd8
2024-07-12 00:00:06,570 - INFO - ETH balance: 0.0 ETH
2024-07-12 00:00:06,902 - INFO - Seed: bar unfold glue arrest act usage record virtual extend bench hammer uncover
2024-07-12 00:00:06,903 - INFO - BTC address: 1KDZUyUXQPSg5FNmzYFJF3mPhc6oJ5X3wr
2024-07-12 00:00:06,903 - INFO - BTC balance: 0.0 BTC
2024-07-12 00:00:06,903 - INFO - 
2024-07-12 00:00:08,251 - INFO - ETH address: 0x23eA0d9b4a58f271613576a9997A36511Ad53D2B
2024-07-12 00:00:08,251 - INFO - ETH balance: 0.0 ETH
2024-07-12 00:00:08,588 - INFO - Seed: aunt bean price budget pumpkin chaos radar jealous clerk minute grass often
2024-07-12 00:00:08,588 - INFO - BTC address: 1MroEwhGFtqdvs4JgTUKMCseSEi2RTovsX
2024-07-12 00:00:08,589 - INFO - BTC balance: 0.0 BTC
2024-07-12 00:00:08,589 - INFO - 
2024-07-12 00:00:10,881 - INFO - ETH address: 0x9f8EF87524292530F96C7DEc1F5bE99e3710DD87
2024-07-12 00:00:10,881 - INFO - ETH balance: 0.0 ETH
2024-07-12 00:00:11,213 - INFO - Seed: prevent derive stay movie puppy business decorate hard fiction public humor biology
2024-07-12 00:00:11,214 - INFO - BTC address: 151swu9rU7JfbBnuiDYHvYoEFMTn5F7xVv
2024-07-12 00:00:11,214 - INFO - BTC balance: 0.0 BTC
2024-07-12 00:00:11,214 - INFO - 
2024-07-12 00:00:12,845 - INFO - ETH address: 0xEF91f907Fe64bE4468c3F63c5A2b4e8249425De3
2024-07-12 00:00:12,845 - INFO - ETH balance: 0.0 ETH
2024-07-12 00:00:13,181 - INFO - Seed: lava crystal photo then empower over egg salon conduct virtual note gallery
2024-07-12 00:00:13,181 - INFO - BTC address: 1PmuBzDJmjTwYvj7kkA5qZLzNrpT8PmpDa
2024-07-12 00:00:13,181 - INFO - BTC balance: 0.0 BTC
2024-07-12 00:00:13,181 - INFO - 
2024-07-12 00:00:14,596 - INFO - ETH address: 0x4086AEC25D415FbCd25482d0305487d066533a3d
2024-07-12 00:00:14,596 - INFO - ETH balance: 0.0 ETH
2024-07-12 00:00:15,259 - INFO - Seed: hidden neither attract human dial size scale valid youth receive twist alter
2024-07-12 00:00:15,259 - INFO - BTC address: 15wGqzKvCpCyHBXcprKHMLpM3trpouydQU
2024-07-12 00:00:15,259 - INFO - BTC balance: 0.0 BTC
2024-07-12 00:00:15,259 - INFO - 
2024-07-12 00:00:16,608 - INFO - ETH address: 0x3088E5C4952c8Cd9733363EeD55945e0AcfF035A
2024-07-12 00:00:16,608 - INFO - ETH balance: 0.0 ETH
2024-07-12 00:00:16,938 - INFO - Seed: alpha recycle pen royal minimum distance reopen vibrant flip six snow defense
2024-07-12 00:00:16,938 - INFO - BTC address: 1GZMfRWyyRCoJH7B92yQYVZjtUx6LtUQE
2024-07-12 00:00:16,938 - INFO - BTC balance: 0.0 BTC
2024-07-12 00:00:16,938 - INFO - 
2024-07-12 00:00:18,381 - INFO - ETH address: 0x98bE5FC8b68412787408FE9ccD97034ca1F4F38f
2024-07-12 00:00:18,381 - INFO - ETH balance: 0.0 ETH
2024-07-12 00:00:18,936 - INFO - Seed: firm memory someone cotton mystery napkin right tube custom hobby top wide
2024-07-12 00:00:18,936 - INFO - BTC address: 1N54VoReFrvtsMpKemP8fE1aspmo3zTTxk
2024-07-12 00:00:18,936 - INFO - BTC balance: 0.0 BTC
2024-07-12 00:00:18,936 - INFO - 
2024-07-12 00:00:21,123 - INFO - ETH address: 0x87235fa89716a4f58b56E4CD61DeA3D1Cd48bB56
2024-07-12 00:00:21,124 - INFO - ETH balance: 0.0 ETH
2024-07-12 00:00:21,474 - INFO - Seed: swear whisper real around coin oak unit suspect mandate cigar myth review
2024-07-12 00:00:21,475 - INFO - BTC address: 12k218CJD23QtRFDY8a8znGBLB8NG6wid5
2024-07-12 00:00:21,475 - INFO - BTC balance: 0.0 BTC
2024-07-12 00:00:21,475 - INFO - 
2024-07-12 00:00:23,142 - INFO - ETH address: 0x5EB8c53D5C51496583A1363Aa97af9ad469077D9
2024-07-12 00:00:23,142 - INFO - ETH balance: 0.0 ETH
2024-07-12 00:00:23,514 - INFO - Seed: shuffle staff eternal sell parrot public bird trophy thought hotel spatial result
2024-07-12 00:00:23,514 - INFO - BTC address: 135XBERPi6H6Fdj26BFmKXUBbnzvkwWcY2
2024-07-12 00:00:23,514 - INFO - BTC balance: 0.0 BTC
2024-07-12 00:00:23,515 - INFO - 
2024-07-12 00:00:24,855 - INFO - ETH address: 0x6068dC1393907De04c226AFD606fDC346725aFd1
2024-07-12 00:00:24,855 - INFO - ETH balance: 0.0 ETH
2024-07-12 00:00:25,229 - INFO - Seed: flag filter coconut menu frog pretty horn brother cute repair permit west
2024-07-12 00:00:25,230 - INFO - BTC address: 1Lk7rxLJ18GHxj1Eb1wkgMEmfZK4hhdTnB
2024-07-12 00:00:25,230 - INFO - BTC balance: 0.0 BTC
2024-07-12 00:00:25,230 - INFO - 
2024-07-12 00:02:02,818 - INFO - Seed: judge thrive crack omit spy mandate short special heart zone eager limit
2024-07-12 00:02:02,819 - INFO - BTC address: 19k3ipZLKZPkq8GpaqVHhNE33EAmGVfKxV
2024-07-12 00:02:02,819 - INFO - BTC balance: 0.0 BTC
2024-07-12 00:02:02,820 - INFO - 
2024-07-12 00:02:05,709 - INFO - ETH address: 0x6C753C538272C09Df6933C2AB09BA3184572328C
2024-07-12 00:02:05,709 - INFO - ETH balance: 0.0 ETH
2024-07-12 00:02:06,064 - INFO - Seed: always strategy purity plate angry lava blue strike feature tank tomorrow system
2024-07-12 00:02:06,065 - INFO - BTC address: 1EVVg2kjDntrLSpZRSf61QJHu4Fecd6QrV
2024-07-12 00:02:06,065 - INFO - BTC balance: 0.0 BTC
2024-07-12 00:02:06,065 - INFO - 
2024-07-12 00:02:07,408 - INFO - ETH address: 0x3CdF60C77889B23c99e76f59A91e0372a9AE7163
2024-07-12 00:02:07,408 - INFO - ETH balance: 0.0 ETH
2024-07-12 00:02:07,733 - INFO - Seed: maximum primary egg cook program great humble wrist depart quote hawk move
2024-07-12 00:02:07,733 - INFO - BTC address: 12dep9GydJAGV4Xpj5wJDKgontcQQoNuUb
2024-07-12 00:02:07,733 - INFO - BTC balance: 0.0 BTC
2024-07-12 00:02:07,734 - INFO - 
2024-07-12 00:02:09,393 - INFO - ETH address: 0x53E3D470219D303B2Cf7fcECDcc556f8844C277A
2024-07-12 00:02:09,393 - INFO - ETH balance: 0.0 ETH
2024-07-12 00:02:09,784 - INFO - Seed: property clap wise observe beach glory picture horror segment famous maple pizza
2024-07-12 00:02:09,785 - INFO - BTC address: 1AaQfViRoNXsjyZQ4XA7JZrySXEHeMufKq
2024-07-12 00:02:09,785 - INFO - BTC balance: 0.0 BTC
2024-07-12 00:02:09,785 - INFO - 
2024-07-12 00:02:11,089 - INFO - ETH address: 0x2aA2fB14d607fCB165042E831b3Fa7932A3a4921
2024-07-12 00:02:11,089 - INFO - ETH balance: 0.0 ETH
2024-07-12 00:02:11,442 - INFO - Seed: stereo pond error erase arctic reduce history unveil point black anchor onion
2024-07-12 00:02:11,443 - INFO - BTC address: 1FEgmVGMFkCp5tEXtegtZa76wRE9bNm2mT
2024-07-12 00:02:11,443 - INFO - BTC balance: 0.0 BTC
2024-07-12 00:02:11,443 - INFO - 
2024-07-12 00:09:29,591 - INFO - Seed: nose proof license bonus october final empty suit fatal tuition move rhythm
2024-07-12 00:09:29,592 - INFO - BTC address: 15iKFj7vnTWBdRiLEwG1r117TU1QDtKPnp
2024-07-12 00:09:29,592 - INFO - BTC balance: 0.0 BTC
2024-07-12 00:09:29,592 - INFO - 
2024-07-12 00:09:33,209 - INFO - ETH address: 0xEdC20894eaF86CAf1F6d34FFFCf6BEBd5e5BB9F7
2024-07-12 00:09:33,210 - INFO - ETH balance: 0.0 ETH
2024-07-12 00:09:34,121 - INFO - Seed: hurry solar gain setup outdoor simple world cheese dilemma trap food review
2024-07-12 00:09:34,122 - INFO - BTC address: 16q2NoMu3n3w5T93U4rQ4ASucJCk587VjW
2024-07-12 00:09:34,122 - INFO - BTC balance: 0.0 BTC
2024-07-12 00:09:34,122 - INFO - 
2024-07-12 00:09:35,684 - INFO - ETH address: 0x7cB4cdEC82778Dcb7FED1b4Eb0DEe9A2Ac81954A
2024-07-12 00:09:35,684 - INFO - ETH balance: 0.0 ETH
2024-07-12 00:09:36,052 - INFO - Seed: gauge pen olympic disorder early million mistake tide because diesel jelly frequent
2024-07-12 00:09:36,052 - INFO - BTC address: 18vD88bh2cLegtDnzA49YNMJuwkoyxMbt4
2024-07-12 00:09:36,052 - INFO - BTC balance: 0.0 BTC
2024-07-12 00:09:36,052 - INFO - 
2024-07-12 00:09:39,567 - INFO - ETH address: 0x0CA45C3bFa05C5e0ca48CDFc112016F61e1909a1
2024-07-12 00:09:39,568 - INFO - ETH balance: 0.0 ETH
2024-07-12 00:09:39,933 - INFO - Seed: pulp situate area regular iron recycle sheriff athlete such rely fluid allow
2024-07-12 00:09:39,933 - INFO - BTC address: 15MWCzRJb2wYyPJTFBNGNSqbmb83KMd8oy
2024-07-12 00:09:39,933 - INFO - BTC balance: 0.0 BTC
2024-07-12 00:09:39,933 - INFO - 
2024-07-12 00:11:14,272 - INFO - Seed: craft motor nerve boat cage another pave trash pony tilt sorry lottery
2024-07-12 00:11:14,272 - INFO - BTC address: 14S9f1M5SmcAaoJHfQjcoxakiEA1z3EUqa
2024-07-12 00:11:14,272 - INFO - BTC balance: 0.0 BTC
2024-07-12 00:11:14,272 - INFO - 
2024-07-12 00:11:17,432 - INFO - ETH address: 0xf455f84C02ED19C99add4dc8AF41c62fc0Fe6EC4
2024-07-12 00:11:17,432 - INFO - ETH balance: 0.0 ETH
2024-07-12 00:11:17,800 - INFO - Seed: fiber sport october rotate happy catch exercise balcony basket very festival ocean
2024-07-12 00:11:17,801 - INFO - BTC address: 1PyaFfhBwvSdsaPJ5oa4fB5hMmugpmoJk4
2024-07-12 00:11:17,801 - INFO - BTC balance: 0.0 BTC
2024-07-12 00:11:17,801 - INFO - 
2024-07-12 00:11:20,315 - INFO - ETH address: 0x638F07F1e78f27110418aAAb7abd8d6c92fd9c62
2024-07-12 00:11:20,315 - INFO - ETH balance: 0.0 ETH
2024-07-12 00:11:20,676 - INFO - Seed: unhappy slogan same dutch clever adapt lock track foot amateur glove soon
2024-07-12 00:11:20,676 - INFO - BTC address: 1Nm7C4LVBZqD6eVEf1cQQZPTp4QRwbWMdS
2024-07-12 00:11:20,676 - INFO - BTC balance: 0.0 BTC
2024-07-12 00:11:20,676 - INFO - 
2024-07-12 00:11:25,544 - INFO - ETH address: 0xD30eE6d1f232A904ff5466a3057C623b6eB3c3eA
2024-07-12 00:11:25,544 - INFO - ETH balance: 0.0 ETH
2024-07-12 00:11:25,940 - INFO - Seed: alley dentist brief trash relief anxiety olympic bitter about perfect pupil middle
2024-07-12 00:11:25,941 - INFO - BTC address: 1mTHnVvCENnGJ32kGgPbQrtkgFqzdh8TV
2024-07-12 00:11:25,941 - INFO - BTC balance: 0.0 BTC
2024-07-12 00:11:25,941 - INFO - 
